<?xml version="1.0" encoding="utf-8" standalone="no"?>
<!--This file represents the results of running a test suite-->
<test-results name="C:\Devs\UnitTestProject1\bin\Release\UnitTestProject1.dll" total="1" errors="0" failures="1" not-run="0" inconclusive="0" ignored="0" skipped="0" invalid="0" date="2016-01-03" time="00:28:51">
  <environment nunit-version="2.6.4.14350" clr-version="2.0.50727.5485" os-version="Microsoft Windows NT 6.1.7601 Service Pack 1" platform="Win32NT" cwd="C:\Program Files (x86)\NUnit 2.6.4\bin" machine-name="KAVYASAT-VAIO" user="KavyaSat" user-domain="KavyaSat-VAIO" />
  <culture-info current-culture="en-GB" current-uiculture="en-US" />
  <test-suite type="Assembly" name="C:\Devs\UnitTestProject1\bin\Release\UnitTestProject1.dll" executed="True" result="Failure" success="False" time="0.116" asserts="0">
    <results>
      <test-suite type="Namespace" name="UnitTestProject1" executed="True" result="Failure" success="False" time="0.094" asserts="0">
        <results>
          <test-suite type="TestFixture" name="UnitTest1" executed="True" result="Failure" success="False" time="0.090" asserts="0">
            <results>
              <test-case name="UnitTestProject1.UnitTest1.TestMethod1" executed="True" result="Failure" success="False" time="0.073" asserts="1">
                <failure>
                  <message><![CDATA[  Expected: True
  But was:  False
]]></message>
                  <stack-trace><![CDATA[]]></stack-trace>
                </failure>
              </test-case>
            </results>
          </test-suite>
        </results>
      </test-suite>
    </results>
  </test-suite>
</test-results>